c:\users\poyra\desktop\bademv1\bademv1\debug\bademv1.ınitbadem.resources
c:\users\poyra\desktop\bademv1\bademv1\debug\vc142.pdb
c:\users\poyra\desktop\bademv1\bademv1\debug\.netframework,versıon=v4.6.1.assemblyattrıbutes.obj
c:\users\poyra\desktop\bademv1\bademv1\debug\.netframework,versıon=v4.6.1.assemblyattrıbutes.asm
c:\users\poyra\desktop\bademv1\bademv1\debug\ınıtbadem.obj
c:\users\poyra\desktop\bademv1\debug\bademv1.exe
c:\users\poyra\desktop\bademv1\debug\bademv1.pdb
c:\users\poyra\desktop\bademv1\bademv1\debug\bademv1.tlog\metagen.wrıte.1.tlog
c:\users\poyra\desktop\bademv1\bademv1\debug\bademv1.vcxproj.generateresource.cache
c:\users\poyra\desktop\bademv1\bademv1\debug\bademv1.vcxprojassemblyreference.cache
c:\users\poyra\desktop\bademv1\bademv1\debug\.netframework,version=v4.6.1.assemblyattributes.obj
c:\users\poyra\desktop\bademv1\bademv1\debug\ınitbadem.obj
c:\users\poyra\desktop\bademv1\bademv1\debug\bademv1.tlog\bademv1.write.1u.tlog
c:\users\poyra\desktop\bademv1\bademv1\debug\bademv1.tlog\cl.command.1.tlog
c:\users\poyra\desktop\bademv1\bademv1\debug\bademv1.tlog\cl.read.1.tlog
c:\users\poyra\desktop\bademv1\bademv1\debug\bademv1.tlog\cl.write.1.tlog
c:\users\poyra\desktop\bademv1\bademv1\debug\bademv1.tlog\link.10380.delete.1.tlog
c:\users\poyra\desktop\bademv1\bademv1\debug\bademv1.tlog\link.11524.delete.1.tlog
c:\users\poyra\desktop\bademv1\bademv1\debug\bademv1.tlog\link.11572.delete.1.tlog
c:\users\poyra\desktop\bademv1\bademv1\debug\bademv1.tlog\link.11588.delete.1.tlog
c:\users\poyra\desktop\bademv1\bademv1\debug\bademv1.tlog\link.11788.delete.1.tlog
c:\users\poyra\desktop\bademv1\bademv1\debug\bademv1.tlog\link.11876.delete.1.tlog
c:\users\poyra\desktop\bademv1\bademv1\debug\bademv1.tlog\link.12060.delete.1.tlog
c:\users\poyra\desktop\bademv1\bademv1\debug\bademv1.tlog\link.12432.delete.1.tlog
c:\users\poyra\desktop\bademv1\bademv1\debug\bademv1.tlog\link.12480.delete.1.tlog
c:\users\poyra\desktop\bademv1\bademv1\debug\bademv1.tlog\link.12928.delete.1.tlog
c:\users\poyra\desktop\bademv1\bademv1\debug\bademv1.tlog\link.12932.delete.1.tlog
c:\users\poyra\desktop\bademv1\bademv1\debug\bademv1.tlog\link.13004.delete.1.tlog
c:\users\poyra\desktop\bademv1\bademv1\debug\bademv1.tlog\link.13052.delete.1.tlog
c:\users\poyra\desktop\bademv1\bademv1\debug\bademv1.tlog\link.13084.delete.1.tlog
c:\users\poyra\desktop\bademv1\bademv1\debug\bademv1.tlog\link.13516.delete.1.tlog
c:\users\poyra\desktop\bademv1\bademv1\debug\bademv1.tlog\link.13576.delete.1.tlog
c:\users\poyra\desktop\bademv1\bademv1\debug\bademv1.tlog\link.13664.delete.1.tlog
c:\users\poyra\desktop\bademv1\bademv1\debug\bademv1.tlog\link.140.delete.1.tlog
c:\users\poyra\desktop\bademv1\bademv1\debug\bademv1.tlog\link.14028.delete.1.tlog
c:\users\poyra\desktop\bademv1\bademv1\debug\bademv1.tlog\link.14144.delete.1.tlog
c:\users\poyra\desktop\bademv1\bademv1\debug\bademv1.tlog\link.14496.delete.1.tlog
c:\users\poyra\desktop\bademv1\bademv1\debug\bademv1.tlog\link.1452.delete.1.tlog
c:\users\poyra\desktop\bademv1\bademv1\debug\bademv1.tlog\link.14872.delete.1.tlog
c:\users\poyra\desktop\bademv1\bademv1\debug\bademv1.tlog\link.15156.delete.1.tlog
c:\users\poyra\desktop\bademv1\bademv1\debug\bademv1.tlog\link.15712.delete.1.tlog
c:\users\poyra\desktop\bademv1\bademv1\debug\bademv1.tlog\link.15828.delete.1.tlog
c:\users\poyra\desktop\bademv1\bademv1\debug\bademv1.tlog\link.15940.delete.1.tlog
c:\users\poyra\desktop\bademv1\bademv1\debug\bademv1.tlog\link.16140.delete.1.tlog
c:\users\poyra\desktop\bademv1\bademv1\debug\bademv1.tlog\link.16228.delete.1.tlog
c:\users\poyra\desktop\bademv1\bademv1\debug\bademv1.tlog\link.2072.delete.1.tlog
c:\users\poyra\desktop\bademv1\bademv1\debug\bademv1.tlog\link.2088.delete.1.tlog
c:\users\poyra\desktop\bademv1\bademv1\debug\bademv1.tlog\link.2288.delete.1.tlog
c:\users\poyra\desktop\bademv1\bademv1\debug\bademv1.tlog\link.2388.delete.1.tlog
c:\users\poyra\desktop\bademv1\bademv1\debug\bademv1.tlog\link.3024.delete.1.tlog
c:\users\poyra\desktop\bademv1\bademv1\debug\bademv1.tlog\link.3028.delete.1.tlog
c:\users\poyra\desktop\bademv1\bademv1\debug\bademv1.tlog\link.3548.delete.1.tlog
c:\users\poyra\desktop\bademv1\bademv1\debug\bademv1.tlog\link.3600.delete.1.tlog
c:\users\poyra\desktop\bademv1\bademv1\debug\bademv1.tlog\link.436.delete.1.tlog
c:\users\poyra\desktop\bademv1\bademv1\debug\bademv1.tlog\link.4640.delete.1.tlog
c:\users\poyra\desktop\bademv1\bademv1\debug\bademv1.tlog\link.4924.delete.1.tlog
c:\users\poyra\desktop\bademv1\bademv1\debug\bademv1.tlog\link.500.delete.1.tlog
c:\users\poyra\desktop\bademv1\bademv1\debug\bademv1.tlog\link.5592.delete.1.tlog
c:\users\poyra\desktop\bademv1\bademv1\debug\bademv1.tlog\link.5736.delete.1.tlog
c:\users\poyra\desktop\bademv1\bademv1\debug\bademv1.tlog\link.6108.delete.1.tlog
c:\users\poyra\desktop\bademv1\bademv1\debug\bademv1.tlog\link.6168.delete.1.tlog
c:\users\poyra\desktop\bademv1\bademv1\debug\bademv1.tlog\link.6516.delete.1.tlog
c:\users\poyra\desktop\bademv1\bademv1\debug\bademv1.tlog\link.6684.delete.1.tlog
c:\users\poyra\desktop\bademv1\bademv1\debug\bademv1.tlog\link.6944.delete.1.tlog
c:\users\poyra\desktop\bademv1\bademv1\debug\bademv1.tlog\link.6956.delete.1.tlog
c:\users\poyra\desktop\bademv1\bademv1\debug\bademv1.tlog\link.7404.delete.1.tlog
c:\users\poyra\desktop\bademv1\bademv1\debug\bademv1.tlog\link.7504.delete.1.tlog
c:\users\poyra\desktop\bademv1\bademv1\debug\bademv1.tlog\link.7812.delete.1.tlog
c:\users\poyra\desktop\bademv1\bademv1\debug\bademv1.tlog\link.8096.delete.1.tlog
c:\users\poyra\desktop\bademv1\bademv1\debug\bademv1.tlog\link.8136.delete.1.tlog
c:\users\poyra\desktop\bademv1\bademv1\debug\bademv1.tlog\link.8144.delete.1.tlog
c:\users\poyra\desktop\bademv1\bademv1\debug\bademv1.tlog\link.8280.delete.1.tlog
c:\users\poyra\desktop\bademv1\bademv1\debug\bademv1.tlog\link.8864.delete.1.tlog
c:\users\poyra\desktop\bademv1\bademv1\debug\bademv1.tlog\link.9832.delete.1.tlog
c:\users\poyra\desktop\bademv1\bademv1\debug\bademv1.tlog\link.command.1.tlog
c:\users\poyra\desktop\bademv1\bademv1\debug\bademv1.tlog\link.read.1.tlog
c:\users\poyra\desktop\bademv1\bademv1\debug\bademv1.tlog\link.write.1.tlog
c:\users\poyra\desktop\bademv1\bademv1\debug\bademv1.tlog\metagen.read.1.tlog
c:\users\poyra\desktop\bademv1\bademv1\debug\bademv1.tlog\metagen.write.1.tlog
c:\users\poyra\desktop\bademv1\bademv1\debug\bademv1.tlog\mscorlıb.dll.metagen
c:\users\poyra\desktop\bademv1\bademv1\debug\bademv1.tlog\system.data.dll.metagen
c:\users\poyra\desktop\bademv1\bademv1\debug\bademv1.tlog\system.dll.metagen
c:\users\poyra\desktop\bademv1\bademv1\debug\bademv1.tlog\system.drawıng.dll.metagen
c:\users\poyra\desktop\bademv1\bademv1\debug\bademv1.tlog\system.wındows.forms.dll.metagen
c:\users\poyra\desktop\bademv1\bademv1\debug\bademv1.tlog\system.xml.dll.metagen
c:\users\poyra\desktop\bademv1\bademv1\debug\bademv1.tlog\clr.dll.bi
c:\users\poyra\desktop\bademv1\bademv1\debug\bademv1.tlog\cluı.dll.bi
c:\users\poyra\desktop\bademv1\bademv1\debug\bademv1.tlog\mscorwks.dll.bi
c:\users\poyra\desktop\bademv1\bademv1\debug\bademv1.tlog\tzres.dll.bi
